<?xml version="1.0" encoding="UTF-8"?>
<!-- Generated by org.testng.reporters.JUnitXMLReporter -->
<testsuite ignored="5" hostname="Pragya" failures="0" tests="1" name="Default test" time="30.825" errors="0" timestamp="2024-03-07T13:28:39 IST">
  <testcase classname="com.trinity.TestCases" name="VerifyIfLastNameIsRequired" time="4.635"/>
  <testcase classname="com.trinity.TestCases" name="VerifyIfLastNameIsRequiredUsingPOM" time="0.0">
    <ignored/>
  </testcase> <!-- VerifyIfLastNameIsRequiredUsingPOM -->
  <testcase classname="com.trinity.TestCases" name="VerifyIfAddressIsRequiredUsingPOM" time="0.0">
    <ignored/>
  </testcase> <!-- VerifyIfAddressIsRequiredUsingPOM -->
  <testcase classname="com.trinity.TestCases" name="VerifyIfLastNameIsRequiredOrNot" time="0.0">
    <ignored/>
  </testcase> <!-- VerifyIfLastNameIsRequiredOrNot -->
  <testcase classname="com.trinity.TestCases" name="verifyIfCityIsRequiredUsingPOM" time="0.0">
    <ignored/>
  </testcase> <!-- verifyIfCityIsRequiredUsingPOM -->
  <testcase classname="com.trinity.TestCases" name="toCheckIfPasswordConfirmationIsCorrect" time="0.0">
    <ignored/>
  </testcase> <!-- toCheckIfPasswordConfirmationIsCorrect -->
</testsuite> <!-- Default test -->
