<?xml version="1.0" encoding="UTF-8"?>
<testng-results ignored="0" total="2" passed="2" failed="0" skipped="0">
  <reporter-output>
  </reporter-output>
  <suite started-at="2024-02-14T00:35:59 IST" name="Surefire suite" finished-at="2024-02-14T00:35:59 IST" duration-ms="47">
    <groups>
    </groups>
    <test started-at="2024-02-14T00:35:59 IST" name="Surefire test" finished-at="2024-02-14T00:35:59 IST" duration-ms="47">
      <class name="com.trinity.TestCases">
        <test-method signature="m1()[pri:0, instance:com.trinity.TestCases@2abf4075]" started-at="2024-02-14T00:35:59 IST" name="m1" finished-at="2024-02-14T00:35:59 IST" duration-ms="15" status="PASS">
          <reporter-output>
          </reporter-output>
        </test-method> <!-- m1 -->
        <test-method signature="m2()[pri:0, instance:com.trinity.TestCases@2abf4075]" started-at="2024-02-14T00:35:59 IST" name="m2" finished-at="2024-02-14T00:35:59 IST" duration-ms="0" status="PASS">
          <reporter-output>
          </reporter-output>
        </test-method> <!-- m2 -->
      </class> <!-- com.trinity.TestCases -->
    </test> <!-- Surefire test -->
  </suite> <!-- Surefire suite -->
</testng-results>
