<?xml version="1.0" encoding="UTF-8"?>
<testng-results ignored="5" total="6" passed="1" failed="0" skipped="0">
  <reporter-output>
  </reporter-output>
  <suite started-at="2024-03-07T13:28:09 IST" name="Default suite" finished-at="2024-03-07T13:28:39 IST" duration-ms="30825">
    <groups>
    </groups>
    <test started-at="2024-03-07T13:28:09 IST" name="Default test" finished-at="2024-03-07T13:28:39 IST" duration-ms="30825">
      <class name="com.trinity.TestCases">
        <test-method is-config="true" signature="setup()[pri:0, instance:com.trinity.TestCases@53045c6c]" started-at="2024-03-07T13:28:09 IST" name="setup" finished-at="2024-03-07T13:28:30 IST" duration-ms="21512" status="PASS">
          <reporter-output>
          </reporter-output>
        </test-method> <!-- setup -->
        <test-method signature="VerifyIfLastNameIsRequired()[pri:0, instance:com.trinity.TestCases@53045c6c]" started-at="2024-03-07T13:28:30 IST" name="VerifyIfLastNameIsRequired" finished-at="2024-03-07T13:28:35 IST" duration-ms="4635" status="PASS">
          <reporter-output>
          </reporter-output>
        </test-method> <!-- VerifyIfLastNameIsRequired -->
        <test-method is-config="true" signature="tearDown()[pri:0, instance:com.trinity.TestCases@53045c6c]" started-at="2024-03-07T13:28:35 IST" name="tearDown" finished-at="2024-03-07T13:28:39 IST" duration-ms="4609" status="PASS">
          <reporter-output>
          </reporter-output>
        </test-method> <!-- tearDown -->
      </class> <!-- com.trinity.TestCases -->
    </test> <!-- Default test -->
  </suite> <!-- Default suite -->
</testng-results>
